<?xml version="1.0" encoding="UTF-8" ?>
<testsuite failures="2" time="47.058" errors="0" skipped="1" tests="9" name="cukejvm.RunCukesTest">
  <properties>
[...]
</properties>
  <testcase time="0" classname="Scenario: Create New Postpaid Mobile Plan Order" name="Given customer want to make New Postpaid Order"/>
  <testcase time="0" classname="Scenario: Create New Postpaid Mobile Plan Order" name="When customer open Postpaid Explore page"/>
  <testcase time="0" classname="Scenario: Create New Postpaid Mobile Plan Order" name="And select offer with code \&quot;116398-tso_ma-55-24\&quot;"/>
  <testcase time="0" classname="Scenario: Create New Postpaid Mobile Plan Order" name="And customer click \&quot;Next\&quot; at \&quot;What you need to order\&quot; module"/>
  <testcase time="0" classname="Scenario: Create New Postpaid Mobile Plan Order" name="And customer select memory size 32GB and Grey color at \&quot;Customise Device\&quot; module"/>
  <testcase time="0" classname="Scenario: Create New Postpaid Mobile Plan Order" name="And customer select no extra SIM at Shared Data form"/>
  <testcase time="0.005" classname="Scenario: Create New Postpaid Mobile Plan Order" name="And customer select Add-On with code:">
    <failure message="Addon Price is not correct" type="java.lang.AssertionError">java.lang.AssertionError: Addon Price is not correct
	at org.junit.Assert.fail(Assert.java:88)
	at org.junit.Assert.assertTrue(Assert.java:41)
	at cukejvm.support.pages.AddOnPage.selectAddOn(AddOnPage.java:47)
	at cukejvm.step_definitions.CheckOutPageStepDefs.selectAddOn(CheckOutPageStepDefs.java:62)
	at ✽.And customer select Add-On with code:(cukejvm/simple_new_postpaid_order.feature:11)
</failure>
  </testcase>
  <testcase time="0.005" classname="Scenario: Create New Postpaid Mobile Plan Order" name="Scenario: Create New Postpaid Mobile Plan Order">
    <failure message="Addon Price is not correct" type="java.lang.AssertionError">java.lang.AssertionError: Addon Price is not correct
	at org.junit.Assert.fail(Assert.java:88)
	at org.junit.Assert.assertTrue(Assert.java:41)
	at cukejvm.support.pages.AddOnPage.selectAddOn(AddOnPage.java:47)
	at cukejvm.step_definitions.CheckOutPageStepDefs.selectAddOn(CheckOutPageStepDefs.java:62)
	at ✽.And customer select Add-On with code:(cukejvm/simple_new_postpaid_order.feature:11)
</failure>
  </testcase>
  <testcase time="0.006" classname="Scenario: Create New Postpaid Mobile Plan Order" name="And customer input their name and date of birth">
    <skipped/>
  </testcase>
</testsuite>